nohup: ignoring input
Using TensorFlow backend.
2018-08-16 10:37:53.848535: I tensorflow/core/platform/cpu_feature_guard.cc:137] Your CPU supports instructions that this TensorFlow binary was not compiled to use: SSE4.1 SSE4.2 AVX AVX2 FMA
2018-08-16 10:37:54.164407: I tensorflow/core/common_runtime/gpu/gpu_device.cc:1030] Found device 0 with properties: 
name: GeForce GTX 1080 Ti major: 6 minor: 1 memoryClockRate(GHz): 1.582
pciBusID: 0000:0a:00.0
totalMemory: 10.91GiB freeMemory: 10.75GiB
2018-08-16 10:37:54.164457: I tensorflow/core/common_runtime/gpu/gpu_device.cc:1120] Creating TensorFlow device (/device:GPU:0) -> (device: 0, name: GeForce GTX 1080 Ti, pci bus id: 0000:0a:00.0, compute capability: 6.1)
start transforming ...
applying RP
applying GASF
applying MTF
to RGB ...
Initiate 10 folds


('Cross-validation: ', 1)
start transforming ...
applying RP
applying GASF
applying MTF
to RGB ...
start transforming ...
applying RP
applying GASF
applying MTF
to RGB ...
('normalized training set:', (712, 224, 224, 3))
('normalized validation set:', (88, 224, 224, 3))
('batch size: ', 16)
start training....
Train on 712 samples, validate on 88 samples
Epoch 1/50
 - 7s - loss: 2.3019 - acc: 0.8230 - val_loss: 1.5264 - val_acc: 0.9205
Epoch 2/50
 - 4s - loss: 1.3996 - acc: 0.9438 - val_loss: 2.0309 - val_acc: 0.3636
Epoch 3/50
 - 4s - loss: 1.0545 - acc: 0.9747 - val_loss: 1.0149 - val_acc: 0.9091
Epoch 4/50
 - 4s - loss: 0.8661 - acc: 0.9916 - val_loss: 0.7691 - val_acc: 0.9773
Epoch 5/50
 - 4s - loss: 0.7289 - acc: 0.9958 - val_loss: 0.7206 - val_acc: 0.9773
Epoch 6/50
 - 4s - loss: 0.6445 - acc: 0.9888 - val_loss: 0.7296 - val_acc: 0.6477
Epoch 7/50
 - 4s - loss: 0.5778 - acc: 0.9930 - val_loss: 0.5896 - val_acc: 0.9318
Epoch 8/50
 - 4s - loss: 0.5258 - acc: 0.9944 - val_loss: 0.4577 - val_acc: 1.0000
Epoch 9/50
 - 4s - loss: 0.4851 - acc: 0.9930 - val_loss: 0.5654 - val_acc: 0.9091
Epoch 10/50
 - 4s - loss: 0.4495 - acc: 0.9958 - val_loss: 0.4900 - val_acc: 1.0000
Epoch 11/50
 - 4s - loss: 0.4261 - acc: 1.0000 - val_loss: 0.4668 - val_acc: 1.0000
Epoch 12/50
 - 4s - loss: 0.4106 - acc: 1.0000 - val_loss: 0.4488 - val_acc: 0.9886
Epoch 13/50
 - 4s - loss: 0.3925 - acc: 0.9986 - val_loss: 0.4270 - val_acc: 1.0000
Epoch 14/50
 - 4s - loss: 0.3775 - acc: 1.0000 - val_loss: 0.4050 - val_acc: 0.9886
Epoch 15/50
 - 4s - loss: 0.3738 - acc: 0.9972 - val_loss: 0.4479 - val_acc: 0.9091
Epoch 16/50
 - 4s - loss: 0.3598 - acc: 1.0000 - val_loss: 0.4295 - val_acc: 1.0000
Epoch 17/50
 - 4s - loss: 0.3509 - acc: 0.9986 - val_loss: 0.4052 - val_acc: 1.0000
Epoch 18/50
 - 4s - loss: 0.3669 - acc: 0.9930 - val_loss: 0.4154 - val_acc: 1.0000
Epoch 19/50
 - 4s - loss: 0.3475 - acc: 0.9972 - val_loss: 0.4961 - val_acc: 0.8523
Epoch 20/50
 - 4s - loss: 0.3437 - acc: 0.9986 - val_loss: 0.3688 - val_acc: 1.0000
Epoch 21/50
 - 4s - loss: 0.3576 - acc: 0.9860 - val_loss: 0.4153 - val_acc: 0.9432
Epoch 22/50
 - 4s - loss: 0.3426 - acc: 0.9986 - val_loss: 0.3444 - val_acc: 1.0000
Epoch 23/50
 - 4s - loss: 0.3368 - acc: 1.0000 - val_loss: 0.3596 - val_acc: 1.0000
Epoch 24/50
 - 4s - loss: 0.3408 - acc: 0.9916 - val_loss: 0.3949 - val_acc: 1.0000
Epoch 25/50
 - 4s - loss: 0.3431 - acc: 0.9930 - val_loss: 0.4150 - val_acc: 0.9773
Epoch 26/50
 - 4s - loss: 0.3322 - acc: 1.0000 - val_loss: 0.3859 - val_acc: 1.0000
Epoch 27/50
 - 4s - loss: 0.3373 - acc: 0.9944 - val_loss: 0.3786 - val_acc: 0.9886
Epoch 28/50
 - 4s - loss: 0.3294 - acc: 1.0000 - val_loss: 0.3753 - val_acc: 1.0000
Epoch 29/50
 - 4s - loss: 0.3292 - acc: 0.9972 - val_loss: 0.3645 - val_acc: 1.0000
Epoch 30/50
 - 4s - loss: 0.3191 - acc: 1.0000 - val_loss: 0.3567 - val_acc: 1.0000
Epoch 31/50
 - 4s - loss: 0.3228 - acc: 1.0000 - val_loss: 0.3382 - val_acc: 1.0000
Epoch 32/50
 - 4s - loss: 0.3247 - acc: 1.0000 - val_loss: 0.3542 - val_acc: 1.0000
Epoch 33/50
 - 4s - loss: 0.3176 - acc: 1.0000 - val_loss: 0.3503 - val_acc: 1.0000
Epoch 34/50
 - 4s - loss: 0.3164 - acc: 0.9986 - val_loss: 0.3557 - val_acc: 1.0000
Epoch 35/50
 - 4s - loss: 0.3216 - acc: 1.0000 - val_loss: 0.3459 - val_acc: 1.0000
Epoch 36/50
 - 4s - loss: 0.3230 - acc: 1.0000 - val_loss: 0.3582 - val_acc: 1.0000
Epoch 37/50
 - 4s - loss: 0.3171 - acc: 1.0000 - val_loss: 0.3453 - val_acc: 1.0000
Epoch 38/50
 - 4s - loss: 0.3214 - acc: 1.0000 - val_loss: 0.3535 - val_acc: 1.0000
Epoch 39/50
 - 4s - loss: 0.3194 - acc: 1.0000 - val_loss: 0.3565 - val_acc: 1.0000
Epoch 40/50
 - 4s - loss: 0.3183 - acc: 1.0000 - val_loss: 0.3483 - val_acc: 1.0000
Epoch 41/50
 - 4s - loss: 0.3190 - acc: 1.0000 - val_loss: 0.3364 - val_acc: 1.0000
Epoch 42/50
 - 4s - loss: 0.3202 - acc: 1.0000 - val_loss: 0.3387 - val_acc: 1.0000
Epoch 43/50
 - 4s - loss: 0.3132 - acc: 1.0000 - val_loss: 0.3327 - val_acc: 0.9886
Epoch 44/50
 - 4s - loss: 0.3155 - acc: 0.9986 - val_loss: 0.3372 - val_acc: 1.0000
Epoch 45/50
 - 4s - loss: 0.3127 - acc: 1.0000 - val_loss: 0.3390 - val_acc: 1.0000
Epoch 46/50
 - 4s - loss: 0.3186 - acc: 0.9916 - val_loss: 0.3559 - val_acc: 1.0000
Epoch 47/50
 - 4s - loss: 0.3206 - acc: 1.0000 - val_loss: 0.3524 - val_acc: 1.0000
Epoch 48/50
 - 4s - loss: 0.3165 - acc: 0.9986 - val_loss: 0.3459 - val_acc: 1.0000
Epoch 49/50
 - 4s - loss: 0.3113 - acc: 1.0000 - val_loss: 0.3359 - val_acc: 1.0000
Epoch 50/50
 - 4s - loss: 0.3225 - acc: 0.9902 - val_loss: 0.3346 - val_acc: 1.0000

100/100 [==============================] - 2s 17ms/step
('TEST loss: ', 0.4002304971218109)
('TEST accuracy: ', 0.9200000166893005)


('Cross-validation: ', 2)
start transforming ...
applying RP
applying GASF
applying MTF
to RGB ...
start transforming ...
applying RP
applying GASF
applying MTF
to RGB ...
('normalized training set:', (720, 224, 224, 3))
('normalized validation set:', (80, 224, 224, 3))
('batch size: ', 16)
start training....
Train on 720 samples, validate on 80 samples
Epoch 1/50
 - 5s - loss: 2.2158 - acc: 0.8292 - val_loss: 1.6535 - val_acc: 0.7000
Epoch 2/50
 - 4s - loss: 1.2816 - acc: 0.9556 - val_loss: 1.3437 - val_acc: 0.7875
Epoch 3/50
 - 4s - loss: 0.9714 - acc: 0.9653 - val_loss: 1.0300 - val_acc: 0.7625
Epoch 4/50
 - 4s - loss: 0.7937 - acc: 0.9778 - val_loss: 0.9224 - val_acc: 0.7375
Epoch 5/50
 - 4s - loss: 0.6830 - acc: 0.9792 - val_loss: 0.8097 - val_acc: 0.7250
Epoch 6/50
 - 4s - loss: 0.5875 - acc: 0.9986 - val_loss: 0.7684 - val_acc: 0.8500
Epoch 7/50
 - 4s - loss: 0.5336 - acc: 0.9917 - val_loss: 0.7044 - val_acc: 0.7625
Epoch 8/50
 - 4s - loss: 0.4920 - acc: 0.9958 - val_loss: 0.7167 - val_acc: 0.7250
Epoch 9/50
 - 4s - loss: 0.4554 - acc: 0.9958 - val_loss: 0.6364 - val_acc: 0.7125
Epoch 10/50
 - 4s - loss: 0.4241 - acc: 1.0000 - val_loss: 0.6589 - val_acc: 0.7750
Epoch 11/50
 - 4s - loss: 0.4114 - acc: 0.9986 - val_loss: 0.7066 - val_acc: 0.7500
Epoch 12/50
 - 4s - loss: 0.3993 - acc: 0.9931 - val_loss: 0.6814 - val_acc: 0.7125
Epoch 13/50
 - 4s - loss: 0.3826 - acc: 0.9972 - val_loss: 0.5886 - val_acc: 0.7375
Epoch 14/50
 - 4s - loss: 0.3718 - acc: 0.9958 - val_loss: 0.6443 - val_acc: 0.7750
Epoch 15/50
 - 4s - loss: 0.3680 - acc: 0.9986 - val_loss: 0.7367 - val_acc: 0.6375
Epoch 16/50
 - 4s - loss: 0.3557 - acc: 1.0000 - val_loss: 0.6530 - val_acc: 0.7375
Epoch 17/50
 - 4s - loss: 0.3548 - acc: 1.0000 - val_loss: 0.6142 - val_acc: 0.7000
Epoch 18/50
 - 4s - loss: 0.3490 - acc: 1.0000 - val_loss: 0.6303 - val_acc: 0.7125
Epoch 19/50
 - 4s - loss: 0.3418 - acc: 0.9986 - val_loss: 0.6158 - val_acc: 0.7000
Epoch 20/50
 - 4s - loss: 0.3344 - acc: 1.0000 - val_loss: 0.6315 - val_acc: 0.7500
Epoch 21/50
 - 4s - loss: 0.3340 - acc: 1.0000 - val_loss: 0.6323 - val_acc: 0.7000
Epoch 22/50
 - 4s - loss: 0.3303 - acc: 1.0000 - val_loss: 0.5877 - val_acc: 0.7125
Epoch 23/50
 - 4s - loss: 0.3304 - acc: 0.9986 - val_loss: 0.6117 - val_acc: 0.6875
Epoch 24/50
 - 4s - loss: 0.3355 - acc: 0.9931 - val_loss: 0.7218 - val_acc: 0.7125
Epoch 25/50
 - 4s - loss: 0.3333 - acc: 0.9958 - val_loss: 0.5646 - val_acc: 0.7375
Epoch 26/50
 - 4s - loss: 0.3190 - acc: 1.0000 - val_loss: 0.5610 - val_acc: 0.7000
Epoch 27/50
 - 4s - loss: 0.3295 - acc: 0.9931 - val_loss: 0.5666 - val_acc: 0.7250
Epoch 28/50
 - 4s - loss: 0.3193 - acc: 1.0000 - val_loss: 0.5661 - val_acc: 0.7000
Epoch 29/50
 - 4s - loss: 0.3305 - acc: 0.9931 - val_loss: 0.5594 - val_acc: 0.7000
Epoch 30/50
 - 4s - loss: 0.3215 - acc: 1.0000 - val_loss: 0.5832 - val_acc: 0.7000
Epoch 31/50
 - 4s - loss: 0.3196 - acc: 1.0000 - val_loss: 0.5686 - val_acc: 0.7125
Epoch 32/50
 - 4s - loss: 0.3184 - acc: 1.0000 - val_loss: 0.5657 - val_acc: 0.7125
Epoch 33/50
 - 4s - loss: 0.3162 - acc: 1.0000 - val_loss: 0.5602 - val_acc: 0.7000
Epoch 34/50
 - 4s - loss: 0.3286 - acc: 1.0000 - val_loss: 0.5640 - val_acc: 0.7000
Epoch 35/50
 - 4s - loss: 0.3207 - acc: 1.0000 - val_loss: 0.5670 - val_acc: 0.7000
Epoch 36/50
 - 4s - loss: 0.3136 - acc: 1.0000 - val_loss: 0.5622 - val_acc: 0.7000
Epoch 37/50
 - 4s - loss: 0.3254 - acc: 0.9903 - val_loss: 0.5489 - val_acc: 0.7250
Epoch 38/50
 - 4s - loss: 0.3182 - acc: 1.0000 - val_loss: 0.5563 - val_acc: 0.7000
Epoch 39/50
 - 4s - loss: 0.3151 - acc: 1.0000 - val_loss: 0.5616 - val_acc: 0.7000
Epoch 40/50
 - 4s - loss: 0.3242 - acc: 0.9903 - val_loss: 0.5669 - val_acc: 0.7125
Epoch 41/50
 - 4s - loss: 0.3181 - acc: 0.9986 - val_loss: 0.5679 - val_acc: 0.7000
Epoch 42/50
 - 4s - loss: 0.3179 - acc: 0.9986 - val_loss: 0.5680 - val_acc: 0.7000
Epoch 43/50
 - 4s - loss: 0.3271 - acc: 0.9931 - val_loss: 0.5666 - val_acc: 0.7125
Epoch 44/50
 - 4s - loss: 0.3184 - acc: 1.0000 - val_loss: 0.5587 - val_acc: 0.7125
Epoch 45/50
 - 4s - loss: 0.3256 - acc: 0.9931 - val_loss: 0.5823 - val_acc: 0.7000
Epoch 46/50
 - 4s - loss: 0.3109 - acc: 1.0000 - val_loss: 0.5659 - val_acc: 0.7125
Epoch 47/50
 - 4s - loss: 0.3170 - acc: 0.9986 - val_loss: 0.5662 - val_acc: 0.7125
Epoch 48/50
 - 4s - loss: 0.3118 - acc: 1.0000 - val_loss: 0.5626 - val_acc: 0.7125
Epoch 49/50
 - 4s - loss: 0.3235 - acc: 1.0000 - val_loss: 0.5539 - val_acc: 0.7375
Epoch 50/50
 - 4s - loss: 0.3145 - acc: 1.0000 - val_loss: 0.5579 - val_acc: 0.7375

100/100 [==============================] - 0s 3ms/step
('TEST loss: ', 0.4062001407146454)
('TEST accuracy: ', 0.9399999976158142)


('Cross-validation: ', 3)
start transforming ...
applying RP
applying GASF
applying MTF
to RGB ...
start transforming ...
applying RP
applying GASF
applying MTF
to RGB ...
('normalized training set:', (720, 224, 224, 3))
('normalized validation set:', (80, 224, 224, 3))
('batch size: ', 16)
start training....
Train on 720 samples, validate on 80 samples
Epoch 1/50
 - 6s - loss: 2.2534 - acc: 0.8375 - val_loss: 1.4079 - val_acc: 0.9125
Epoch 2/50
 - 4s - loss: 1.3438 - acc: 0.9347 - val_loss: 1.2372 - val_acc: 0.7750
Epoch 3/50
 - 4s - loss: 1.0205 - acc: 0.9611 - val_loss: 1.0003 - val_acc: 0.8250
Epoch 4/50
 - 4s - loss: 0.8322 - acc: 0.9819 - val_loss: 0.7610 - val_acc: 0.9875
Epoch 5/50
 - 4s - loss: 0.7069 - acc: 0.9889 - val_loss: 0.7336 - val_acc: 0.8500
Epoch 6/50
 - 4s - loss: 0.6192 - acc: 0.9917 - val_loss: 0.6208 - val_acc: 0.9625
Epoch 7/50
 - 4s - loss: 0.5662 - acc: 0.9875 - val_loss: 0.6548 - val_acc: 0.8000
Epoch 8/50
 - 4s - loss: 0.5188 - acc: 0.9903 - val_loss: 0.4735 - val_acc: 1.0000
Epoch 9/50
 - 4s - loss: 0.4724 - acc: 1.0000 - val_loss: 0.4852 - val_acc: 1.0000
Epoch 10/50
 - 4s - loss: 0.4525 - acc: 0.9861 - val_loss: 0.5177 - val_acc: 0.9000
Epoch 11/50
 - 4s - loss: 0.4323 - acc: 0.9917 - val_loss: 0.4298 - val_acc: 1.0000
Epoch 12/50
 - 4s - loss: 0.4108 - acc: 0.9931 - val_loss: 0.4852 - val_acc: 0.9875
Epoch 13/50
 - 4s - loss: 0.3976 - acc: 0.9917 - val_loss: 0.3857 - val_acc: 0.9750
Epoch 14/50
 - 4s - loss: 0.3991 - acc: 0.9847 - val_loss: 0.4843 - val_acc: 0.8125
Epoch 15/50
 - 4s - loss: 0.3706 - acc: 0.9986 - val_loss: 0.4512 - val_acc: 0.9000
Epoch 16/50
 - 4s - loss: 0.3659 - acc: 0.9972 - val_loss: 0.4103 - val_acc: 0.9500
Epoch 17/50
 - 4s - loss: 0.3588 - acc: 1.0000 - val_loss: 0.4183 - val_acc: 0.9000
Epoch 18/50
 - 4s - loss: 0.3540 - acc: 1.0000 - val_loss: 0.4109 - val_acc: 0.9375
Epoch 19/50
 - 4s - loss: 0.3446 - acc: 1.0000 - val_loss: 0.4264 - val_acc: 0.9750
Epoch 20/50
 - 4s - loss: 0.3435 - acc: 0.9986 - val_loss: 0.4451 - val_acc: 1.0000
Epoch 21/50
 - 4s - loss: 0.3358 - acc: 1.0000 - val_loss: 0.4320 - val_acc: 0.9500
Epoch 22/50
 - 4s - loss: 0.3324 - acc: 1.0000 - val_loss: 0.4071 - val_acc: 0.9875
Epoch 23/50
 - 4s - loss: 0.3370 - acc: 1.0000 - val_loss: 0.4207 - val_acc: 0.9750
Epoch 24/50
 - 4s - loss: 0.3320 - acc: 1.0000 - val_loss: 0.4026 - val_acc: 0.9750
Epoch 25/50
 - 4s - loss: 0.3253 - acc: 0.9986 - val_loss: 0.4217 - val_acc: 0.9375
Epoch 26/50
 - 4s - loss: 0.3285 - acc: 0.9972 - val_loss: 0.3978 - val_acc: 0.9000
Epoch 27/50
 - 4s - loss: 0.3291 - acc: 0.9986 - val_loss: 0.3794 - val_acc: 0.9875
Epoch 28/50
 - 4s - loss: 0.3225 - acc: 1.0000 - val_loss: 0.3765 - val_acc: 0.9500
Epoch 29/50
 - 4s - loss: 0.3241 - acc: 1.0000 - val_loss: 0.3845 - val_acc: 0.9125
Epoch 30/50
 - 4s - loss: 0.3238 - acc: 1.0000 - val_loss: 0.3951 - val_acc: 0.9000
Epoch 31/50
 - 4s - loss: 0.3218 - acc: 1.0000 - val_loss: 0.3860 - val_acc: 0.9000
Epoch 32/50
 - 4s - loss: 0.3211 - acc: 1.0000 - val_loss: 0.3889 - val_acc: 0.9125
Epoch 33/50
 - 4s - loss: 0.3291 - acc: 1.0000 - val_loss: 0.4097 - val_acc: 0.9000
Epoch 34/50
 - 4s - loss: 0.3210 - acc: 1.0000 - val_loss: 0.4081 - val_acc: 0.9000
Epoch 35/50
 - 4s - loss: 0.3211 - acc: 1.0000 - val_loss: 0.3826 - val_acc: 0.9000
Epoch 36/50
 - 4s - loss: 0.3162 - acc: 1.0000 - val_loss: 0.3831 - val_acc: 0.9000
Epoch 37/50
 - 4s - loss: 0.3256 - acc: 1.0000 - val_loss: 0.3861 - val_acc: 0.9000
Epoch 38/50
 - 4s - loss: 0.3152 - acc: 1.0000 - val_loss: 0.3876 - val_acc: 0.9000
Epoch 39/50
 - 4s - loss: 0.3199 - acc: 1.0000 - val_loss: 0.3838 - val_acc: 0.9000
Epoch 40/50
 - 4s - loss: 0.3140 - acc: 1.0000 - val_loss: 0.3832 - val_acc: 0.9000
Epoch 41/50
 - 4s - loss: 0.3161 - acc: 1.0000 - val_loss: 0.3815 - val_acc: 0.9000
Epoch 42/50
 - 4s - loss: 0.3194 - acc: 1.0000 - val_loss: 0.3849 - val_acc: 0.9000
Epoch 43/50
 - 4s - loss: 0.3136 - acc: 1.0000 - val_loss: 0.3812 - val_acc: 0.9000
Epoch 44/50
 - 4s - loss: 0.3159 - acc: 1.0000 - val_loss: 0.3857 - val_acc: 0.9000
Epoch 45/50
 - 4s - loss: 0.3092 - acc: 1.0000 - val_loss: 0.3866 - val_acc: 0.9000
Epoch 46/50
 - 4s - loss: 0.3108 - acc: 1.0000 - val_loss: 0.4049 - val_acc: 0.9000
Epoch 47/50
 - 4s - loss: 0.3256 - acc: 0.9917 - val_loss: 0.4279 - val_acc: 0.9125
Epoch 48/50
 - 4s - loss: 0.3167 - acc: 0.9931 - val_loss: 0.4139 - val_acc: 1.0000
Epoch 49/50
 - 4s - loss: 0.3153 - acc: 0.9972 - val_loss: 0.3819 - val_acc: 0.9875
Epoch 50/50
 - 4s - loss: 0.3140 - acc: 1.0000 - val_loss: 0.3680 - val_acc: 1.0000

100/100 [==============================] - 0s 3ms/step
('TEST loss: ', 0.42368653416633606)
('TEST accuracy: ', 0.9100000262260437)


('Cross-validation: ', 4)
start transforming ...
applying RP
applying GASF
applying MTF
to RGB ...
start transforming ...
applying RP
applying GASF
applying MTF
to RGB ...
('normalized training set:', (720, 224, 224, 3))
('normalized validation set:', (80, 224, 224, 3))
('batch size: ', 16)
start training....
Train on 720 samples, validate on 80 samples
Epoch 1/50
 - 6s - loss: 2.3461 - acc: 0.8458 - val_loss: 1.7850 - val_acc: 0.7000
Epoch 2/50
 - 4s - loss: 1.4564 - acc: 0.9486 - val_loss: 1.3768 - val_acc: 0.7250
Epoch 3/50
 - 4s - loss: 1.0648 - acc: 0.9833 - val_loss: 0.9131 - val_acc: 0.8750
Epoch 4/50
 - 4s - loss: 0.8389 - acc: 0.9889 - val_loss: 0.8592 - val_acc: 0.8875
Epoch 5/50
 - 4s - loss: 0.6933 - acc: 0.9972 - val_loss: 0.7199 - val_acc: 0.9500
Epoch 6/50
 - 4s - loss: 0.5926 - acc: 0.9972 - val_loss: 0.6570 - val_acc: 0.9375
Epoch 7/50
 - 4s - loss: 0.5362 - acc: 0.9944 - val_loss: 0.5181 - val_acc: 0.9875
Epoch 8/50
 - 4s - loss: 0.4803 - acc: 0.9986 - val_loss: 0.7504 - val_acc: 0.7000
Epoch 9/50
 - 4s - loss: 0.4514 - acc: 1.0000 - val_loss: 0.6891 - val_acc: 0.7000
Epoch 10/50
 - 4s - loss: 0.4356 - acc: 0.9958 - val_loss: 0.5130 - val_acc: 0.8750
Epoch 11/50
 - 4s - loss: 0.4047 - acc: 1.0000 - val_loss: 0.5002 - val_acc: 0.9000
Epoch 12/50
 - 4s - loss: 0.3959 - acc: 0.9931 - val_loss: 0.5854 - val_acc: 0.7375
Epoch 13/50
 - 4s - loss: 0.3909 - acc: 0.9889 - val_loss: 0.3825 - val_acc: 0.9375
Epoch 14/50
 - 4s - loss: 0.3772 - acc: 0.9917 - val_loss: 0.6080 - val_acc: 0.6625
Epoch 15/50
 - 4s - loss: 0.3616 - acc: 0.9931 - val_loss: 0.5242 - val_acc: 0.8250
Epoch 16/50
 - 4s - loss: 0.3575 - acc: 0.9972 - val_loss: 0.4720 - val_acc: 0.9375
Epoch 17/50
 - 4s - loss: 0.3480 - acc: 0.9972 - val_loss: 0.4608 - val_acc: 0.9250
Epoch 18/50
 - 4s - loss: 0.3498 - acc: 1.0000 - val_loss: 0.4293 - val_acc: 0.9125
Epoch 19/50
 - 4s - loss: 0.3438 - acc: 0.9972 - val_loss: 0.5056 - val_acc: 0.8000
Epoch 20/50
 - 4s - loss: 0.3327 - acc: 1.0000 - val_loss: 0.4527 - val_acc: 0.9375
Epoch 21/50
 - 4s - loss: 0.3369 - acc: 0.9986 - val_loss: 0.5482 - val_acc: 0.7250
Epoch 22/50
 - 4s - loss: 0.3285 - acc: 1.0000 - val_loss: 0.5056 - val_acc: 0.8250
Epoch 23/50
 - 4s - loss: 0.3331 - acc: 1.0000 - val_loss: 0.4406 - val_acc: 0.9000
Epoch 24/50
 - 4s - loss: 0.3268 - acc: 0.9972 - val_loss: 0.4996 - val_acc: 0.8625
Epoch 25/50
 - 4s - loss: 0.3318 - acc: 1.0000 - val_loss: 0.4968 - val_acc: 0.8375
Epoch 26/50
 - 4s - loss: 0.3315 - acc: 0.9972 - val_loss: 0.4836 - val_acc: 0.8375
Epoch 27/50
 - 4s - loss: 0.3268 - acc: 0.9972 - val_loss: 0.4762 - val_acc: 0.8250
Epoch 28/50
 - 4s - loss: 0.3229 - acc: 0.9931 - val_loss: 0.4831 - val_acc: 0.8250
Epoch 29/50
 - 4s - loss: 0.3259 - acc: 0.9903 - val_loss: 0.4522 - val_acc: 0.8875
Epoch 30/50
 - 4s - loss: 0.3228 - acc: 0.9986 - val_loss: 0.4862 - val_acc: 0.8375
Epoch 31/50
 - 4s - loss: 0.3152 - acc: 1.0000 - val_loss: 0.4715 - val_acc: 0.8375
Epoch 32/50
 - 4s - loss: 0.3205 - acc: 0.9986 - val_loss: 0.4374 - val_acc: 0.8625
Epoch 33/50
 - 4s - loss: 0.3252 - acc: 0.9931 - val_loss: 0.4602 - val_acc: 0.8625
Epoch 34/50
 - 4s - loss: 0.3206 - acc: 1.0000 - val_loss: 0.4698 - val_acc: 0.8500
Epoch 35/50
 - 4s - loss: 0.3137 - acc: 1.0000 - val_loss: 0.4494 - val_acc: 0.8500
Epoch 36/50
 - 4s - loss: 0.3103 - acc: 1.0000 - val_loss: 0.4309 - val_acc: 0.9000
Epoch 37/50
 - 4s - loss: 0.3127 - acc: 1.0000 - val_loss: 0.4393 - val_acc: 0.8625
Epoch 38/50
 - 4s - loss: 0.3163 - acc: 1.0000 - val_loss: 0.4606 - val_acc: 0.8500
Epoch 39/50
 - 4s - loss: 0.3188 - acc: 1.0000 - val_loss: 0.4518 - val_acc: 0.8500
Epoch 40/50
 - 4s - loss: 0.3177 - acc: 1.0000 - val_loss: 0.4341 - val_acc: 0.8750
Epoch 41/50
 - 4s - loss: 0.3155 - acc: 1.0000 - val_loss: 0.4389 - val_acc: 0.8500
Epoch 42/50
 - 4s - loss: 0.3139 - acc: 1.0000 - val_loss: 0.4382 - val_acc: 0.8625
Epoch 43/50
 - 4s - loss: 0.3148 - acc: 1.0000 - val_loss: 0.4450 - val_acc: 0.8750
Epoch 44/50
 - 4s - loss: 0.3058 - acc: 1.0000 - val_loss: 0.4576 - val_acc: 0.8625
Epoch 45/50
 - 4s - loss: 0.3157 - acc: 0.9903 - val_loss: 0.4976 - val_acc: 0.7375
Epoch 46/50
 - 4s - loss: 0.3166 - acc: 1.0000 - val_loss: 0.4802 - val_acc: 0.8500
Epoch 47/50
 - 4s - loss: 0.3116 - acc: 1.0000 - val_loss: 0.4750 - val_acc: 0.8250
Epoch 48/50
 - 4s - loss: 0.3050 - acc: 1.0000 - val_loss: 0.4553 - val_acc: 0.8625
Epoch 49/50
 - 4s - loss: 0.3096 - acc: 1.0000 - val_loss: 0.4594 - val_acc: 0.8500
Epoch 50/50
 - 4s - loss: 0.3048 - acc: 1.0000 - val_loss: 0.4567 - val_acc: 0.8500

100/100 [==============================] - 0s 3ms/step
('TEST loss: ', 0.41197046637535095)
('TEST accuracy: ', 0.8999999761581421)


('Cross-validation: ', 5)
start transforming ...
applying RP
applying GASF
applying MTF
to RGB ...
start transforming ...
applying RP
applying GASF
applying MTF
to RGB ...
('normalized training set:', (720, 224, 224, 3))
('normalized validation set:', (80, 224, 224, 3))
('batch size: ', 16)
start training....
Train on 720 samples, validate on 80 samples
Epoch 1/50
 - 6s - loss: 2.2033 - acc: 0.8306 - val_loss: 1.6028 - val_acc: 0.6875
Epoch 2/50
 - 4s - loss: 1.2528 - acc: 0.9361 - val_loss: 1.2219 - val_acc: 0.8000
Epoch 3/50
 - 4s - loss: 0.9482 - acc: 0.9625 - val_loss: 0.9456 - val_acc: 0.7000
Epoch 4/50
 - 4s - loss: 0.7756 - acc: 0.9917 - val_loss: 0.8296 - val_acc: 0.7625
Epoch 5/50
 - 4s - loss: 0.6692 - acc: 0.9903 - val_loss: 0.7762 - val_acc: 0.7250
Epoch 6/50
 - 4s - loss: 0.5867 - acc: 0.9986 - val_loss: 0.7236 - val_acc: 0.7625
Epoch 7/50
 - 4s - loss: 0.5370 - acc: 0.9889 - val_loss: 0.6972 - val_acc: 0.7250
Epoch 8/50
 - 4s - loss: 0.4897 - acc: 0.9972 - val_loss: 0.7854 - val_acc: 0.7625
Epoch 9/50
 - 4s - loss: 0.4565 - acc: 1.0000 - val_loss: 0.6330 - val_acc: 0.7625
Epoch 10/50
 - 4s - loss: 0.4425 - acc: 0.9958 - val_loss: 0.5790 - val_acc: 0.8375
Epoch 11/50
 - 4s - loss: 0.4207 - acc: 0.9917 - val_loss: 0.6492 - val_acc: 0.7625
Epoch 12/50
 - 4s - loss: 0.4023 - acc: 0.9944 - val_loss: 0.6055 - val_acc: 0.7250
Epoch 13/50
 - 4s - loss: 0.3811 - acc: 0.9986 - val_loss: 0.5708 - val_acc: 0.8250
Epoch 14/50
 - 4s - loss: 0.3725 - acc: 1.0000 - val_loss: 0.5796 - val_acc: 0.7500
Epoch 15/50
 - 4s - loss: 0.3630 - acc: 0.9986 - val_loss: 0.5585 - val_acc: 0.7500
Epoch 16/50
 - 4s - loss: 0.3674 - acc: 0.9875 - val_loss: 0.5378 - val_acc: 0.7875
Epoch 17/50
 - 4s - loss: 0.3538 - acc: 1.0000 - val_loss: 0.5598 - val_acc: 0.7750
Epoch 18/50
 - 4s - loss: 0.3559 - acc: 1.0000 - val_loss: 0.5723 - val_acc: 0.7500
Epoch 19/50
 - 4s - loss: 0.3497 - acc: 1.0000 - val_loss: 0.5739 - val_acc: 0.7125
Epoch 20/50
 - 4s - loss: 0.3546 - acc: 0.9819 - val_loss: 0.5771 - val_acc: 0.7750
Epoch 21/50
 - 4s - loss: 0.3390 - acc: 1.0000 - val_loss: 0.5822 - val_acc: 0.7625
Epoch 22/50
 - 4s - loss: 0.3340 - acc: 1.0000 - val_loss: 0.5443 - val_acc: 0.7625
Epoch 23/50
 - 4s - loss: 0.3297 - acc: 1.0000 - val_loss: 0.5708 - val_acc: 0.7125
Epoch 24/50
 - 4s - loss: 0.3223 - acc: 1.0000 - val_loss: 0.5700 - val_acc: 0.7500
Epoch 25/50
 - 4s - loss: 0.3234 - acc: 1.0000 - val_loss: 0.6154 - val_acc: 0.7125
Epoch 26/50
 - 4s - loss: 0.3268 - acc: 1.0000 - val_loss: 0.5866 - val_acc: 0.7000
Epoch 27/50
 - 4s - loss: 0.3192 - acc: 1.0000 - val_loss: 0.5776 - val_acc: 0.7000
Epoch 28/50
 - 4s - loss: 0.3190 - acc: 1.0000 - val_loss: 0.5740 - val_acc: 0.7000
Epoch 29/50
 - 4s - loss: 0.3186 - acc: 1.0000 - val_loss: 0.5728 - val_acc: 0.7000
Epoch 30/50
 - 4s - loss: 0.3139 - acc: 1.0000 - val_loss: 0.5768 - val_acc: 0.7125
Epoch 31/50
 - 4s - loss: 0.3243 - acc: 1.0000 - val_loss: 0.5703 - val_acc: 0.7000
Epoch 32/50
 - 4s - loss: 0.3226 - acc: 1.0000 - val_loss: 0.5628 - val_acc: 0.7125
Epoch 33/50
 - 4s - loss: 0.3172 - acc: 1.0000 - val_loss: 0.5649 - val_acc: 0.7125
Epoch 34/50
 - 4s - loss: 0.3145 - acc: 1.0000 - val_loss: 0.5495 - val_acc: 0.7625
Epoch 35/50
 - 4s - loss: 0.3194 - acc: 1.0000 - val_loss: 0.5570 - val_acc: 0.7000
Epoch 36/50
 - 4s - loss: 0.3160 - acc: 1.0000 - val_loss: 0.5603 - val_acc: 0.7000
Epoch 37/50
 - 4s - loss: 0.3292 - acc: 0.9931 - val_loss: 0.5729 - val_acc: 0.7000
Epoch 38/50
 - 4s - loss: 0.3170 - acc: 1.0000 - val_loss: 0.5593 - val_acc: 0.7125
Epoch 39/50
 - 4s - loss: 0.3144 - acc: 1.0000 - val_loss: 0.5475 - val_acc: 0.7125
Epoch 40/50
 - 4s - loss: 0.3133 - acc: 1.0000 - val_loss: 0.5528 - val_acc: 0.7000
Epoch 41/50
 - 4s - loss: 0.3146 - acc: 1.0000 - val_loss: 0.5644 - val_acc: 0.7000
Epoch 42/50
 - 4s - loss: 0.3217 - acc: 0.9958 - val_loss: 0.5597 - val_acc: 0.7000
Epoch 43/50
 - 4s - loss: 0.3118 - acc: 1.0000 - val_loss: 0.5584 - val_acc: 0.7250
Epoch 44/50
 - 4s - loss: 0.3138 - acc: 0.9986 - val_loss: 0.5635 - val_acc: 0.7125
Epoch 45/50
 - 4s - loss: 0.3140 - acc: 1.0000 - val_loss: 0.5596 - val_acc: 0.7125
Epoch 46/50
 - 4s - loss: 0.3078 - acc: 1.0000 - val_loss: 0.5557 - val_acc: 0.7125
Epoch 47/50
 - 4s - loss: 0.3208 - acc: 0.9903 - val_loss: 0.5422 - val_acc: 0.7500
Epoch 48/50
 - 4s - loss: 0.3184 - acc: 0.9986 - val_loss: 0.5574 - val_acc: 0.7500
Epoch 49/50
 - 4s - loss: 0.3110 - acc: 1.0000 - val_loss: 0.5537 - val_acc: 0.7500
Epoch 50/50
 - 4s - loss: 0.3143 - acc: 1.0000 - val_loss: 0.5633 - val_acc: 0.7000

100/100 [==============================] - 0s 3ms/step
('TEST loss: ', 0.42294591665267944)
('TEST accuracy: ', 0.8999999761581421)


('Cross-validation: ', 6)
start transforming ...
applying RP
applying GASF
applying MTF
to RGB ...
start transforming ...
applying RP
applying GASF
applying MTF
to RGB ...
('normalized training set:', (720, 224, 224, 3))
('normalized validation set:', (80, 224, 224, 3))
('batch size: ', 16)
start training....
Train on 720 samples, validate on 80 samples
Epoch 1/50
 - 6s - loss: 2.4139 - acc: 0.8333 - val_loss: 1.8776 - val_acc: 0.8250
Epoch 2/50
 - 4s - loss: 1.5366 - acc: 0.9347 - val_loss: 1.4377 - val_acc: 0.8750
Epoch 3/50
 - 4s - loss: 1.1469 - acc: 0.9708 - val_loss: 1.1595 - val_acc: 0.9000
Epoch 4/50
 - 4s - loss: 0.9140 - acc: 0.9875 - val_loss: 0.8222 - val_acc: 0.9250
Epoch 5/50
 - 4s - loss: 0.7688 - acc: 0.9806 - val_loss: 0.7916 - val_acc: 0.8875
Epoch 6/50
 - 4s - loss: 0.6530 - acc: 0.9931 - val_loss: 0.6395 - val_acc: 0.8875
Epoch 7/50
 - 4s - loss: 0.5743 - acc: 0.9903 - val_loss: 0.5394 - val_acc: 1.0000
Epoch 8/50
 - 4s - loss: 0.5156 - acc: 0.9944 - val_loss: 0.6491 - val_acc: 0.9000
Epoch 9/50
 - 4s - loss: 0.4755 - acc: 0.9944 - val_loss: 0.5726 - val_acc: 0.9500
Epoch 10/50
 - 4s - loss: 0.4493 - acc: 0.9986 - val_loss: 0.5673 - val_acc: 0.9250
Epoch 11/50
 - 4s - loss: 0.4238 - acc: 0.9944 - val_loss: 0.4905 - val_acc: 0.9625
Epoch 12/50
 - 4s - loss: 0.4025 - acc: 0.9944 - val_loss: 0.4479 - val_acc: 0.9750
Epoch 13/50
 - 4s - loss: 0.3840 - acc: 1.0000 - val_loss: 0.5350 - val_acc: 0.8750
Epoch 14/50
 - 4s - loss: 0.3747 - acc: 0.9972 - val_loss: 0.4669 - val_acc: 0.9500
Epoch 15/50
 - 4s - loss: 0.3628 - acc: 0.9986 - val_loss: 0.4669 - val_acc: 0.9250
Epoch 16/50
 - 4s - loss: 0.3527 - acc: 1.0000 - val_loss: 0.4233 - val_acc: 0.9750
Epoch 17/50
 - 4s - loss: 0.3495 - acc: 1.0000 - val_loss: 0.4140 - val_acc: 1.0000
Epoch 18/50
 - 4s - loss: 0.3444 - acc: 1.0000 - val_loss: 0.4396 - val_acc: 0.9500
Epoch 19/50
 - 4s - loss: 0.3526 - acc: 0.9903 - val_loss: 0.4330 - val_acc: 1.0000
Epoch 20/50
 - 4s - loss: 0.3379 - acc: 1.0000 - val_loss: 0.4543 - val_acc: 0.9000
Epoch 21/50
 - 4s - loss: 0.3363 - acc: 0.9986 - val_loss: 0.4286 - val_acc: 0.9375
Epoch 22/50
 - 4s - loss: 0.3376 - acc: 1.0000 - val_loss: 0.4722 - val_acc: 0.9250
Epoch 23/50
 - 4s - loss: 0.3389 - acc: 1.0000 - val_loss: 0.4092 - val_acc: 0.9625
Epoch 24/50
 - 4s - loss: 0.3346 - acc: 1.0000 - val_loss: 0.4540 - val_acc: 0.9750
Epoch 25/50
 - 4s - loss: 0.3238 - acc: 1.0000 - val_loss: 0.4122 - val_acc: 0.9625
Epoch 26/50
 - 4s - loss: 0.3256 - acc: 1.0000 - val_loss: 0.4053 - val_acc: 0.9500
Epoch 27/50
 - 4s - loss: 0.3240 - acc: 0.9986 - val_loss: 0.4017 - val_acc: 0.9750
Epoch 28/50
 - 4s - loss: 0.3256 - acc: 1.0000 - val_loss: 0.3880 - val_acc: 0.9750
Epoch 29/50
 - 4s - loss: 0.3221 - acc: 1.0000 - val_loss: 0.3928 - val_acc: 0.9750
Epoch 30/50
 - 4s - loss: 0.3215 - acc: 1.0000 - val_loss: 0.3846 - val_acc: 0.9750
Epoch 31/50
 - 4s - loss: 0.3224 - acc: 0.9972 - val_loss: 0.4053 - val_acc: 0.9750
Epoch 32/50
 - 4s - loss: 0.3207 - acc: 1.0000 - val_loss: 0.3806 - val_acc: 0.9875
Epoch 33/50
 - 4s - loss: 0.3224 - acc: 1.0000 - val_loss: 0.3836 - val_acc: 0.9625
Epoch 34/50
 - 4s - loss: 0.3218 - acc: 1.0000 - val_loss: 0.3739 - val_acc: 0.9875
Epoch 35/50
 - 4s - loss: 0.3277 - acc: 0.9903 - val_loss: 0.3863 - val_acc: 0.9750
Epoch 36/50
 - 4s - loss: 0.3207 - acc: 1.0000 - val_loss: 0.4023 - val_acc: 0.9375
Epoch 37/50
 - 4s - loss: 0.3215 - acc: 1.0000 - val_loss: 0.3906 - val_acc: 0.9875
Epoch 38/50
 - 4s - loss: 0.3183 - acc: 1.0000 - val_loss: 0.3792 - val_acc: 0.9750
Epoch 39/50
 - 4s - loss: 0.3161 - acc: 1.0000 - val_loss: 0.3739 - val_acc: 0.9875
Epoch 40/50
 - 4s - loss: 0.3261 - acc: 0.9903 - val_loss: 0.3751 - val_acc: 0.9750
Epoch 41/50
 - 4s - loss: 0.3178 - acc: 0.9986 - val_loss: 0.3677 - val_acc: 0.9750
Epoch 42/50
 - 4s - loss: 0.3132 - acc: 1.0000 - val_loss: 0.3616 - val_acc: 0.9750
Epoch 43/50
 - 4s - loss: 0.3117 - acc: 1.0000 - val_loss: 0.3649 - val_acc: 0.9750
Epoch 44/50
 - 4s - loss: 0.3129 - acc: 1.0000 - val_loss: 0.3591 - val_acc: 0.9875
Epoch 45/50
 - 4s - loss: 0.3180 - acc: 1.0000 - val_loss: 0.3664 - val_acc: 0.9875
Epoch 46/50
 - 4s - loss: 0.3125 - acc: 1.0000 - val_loss: 0.3697 - val_acc: 0.9750
Epoch 47/50
 - 4s - loss: 0.3144 - acc: 1.0000 - val_loss: 0.3767 - val_acc: 0.9750
Epoch 48/50
 - 4s - loss: 0.3130 - acc: 1.0000 - val_loss: 0.3709 - val_acc: 1.0000
Epoch 49/50
 - 4s - loss: 0.3154 - acc: 1.0000 - val_loss: 0.3755 - val_acc: 0.9875
Epoch 50/50
 - 4s - loss: 0.3169 - acc: 1.0000 - val_loss: 0.3648 - val_acc: 0.9750

100/100 [==============================] - 0s 3ms/step
('TEST loss: ', 0.4087199568748474)
('TEST accuracy: ', 0.9100000262260437)


('Cross-validation: ', 7)
start transforming ...
applying RP
applying GASF
applying MTF
to RGB ...
start transforming ...
applying RP
applying GASF
applying MTF
to RGB ...
('normalized training set:', (720, 224, 224, 3))
('normalized validation set:', (80, 224, 224, 3))
('batch size: ', 16)
start training....
Train on 720 samples, validate on 80 samples
Epoch 1/50
 - 7s - loss: 2.2651 - acc: 0.8681 - val_loss: 1.6830 - val_acc: 0.7625
Epoch 2/50
 - 4s - loss: 1.3716 - acc: 0.9611 - val_loss: 1.7339 - val_acc: 0.3375
Epoch 3/50
 - 4s - loss: 1.0352 - acc: 0.9806 - val_loss: 1.0999 - val_acc: 0.7125
Epoch 4/50
 - 4s - loss: 0.8424 - acc: 0.9875 - val_loss: 1.0032 - val_acc: 0.7375
Epoch 5/50
 - 4s - loss: 0.7249 - acc: 0.9722 - val_loss: 0.8969 - val_acc: 0.7125
Epoch 6/50
 - 4s - loss: 0.6096 - acc: 0.9944 - val_loss: 0.7381 - val_acc: 0.7750
Epoch 7/50
 - 4s - loss: 0.5486 - acc: 0.9917 - val_loss: 0.7179 - val_acc: 0.7500
Epoch 8/50
 - 4s - loss: 0.5006 - acc: 0.9931 - val_loss: 0.7169 - val_acc: 0.8000
Epoch 9/50
 - 4s - loss: 0.4608 - acc: 0.9986 - val_loss: 0.6948 - val_acc: 0.7250
Epoch 10/50
 - 4s - loss: 0.4395 - acc: 0.9958 - val_loss: 0.6499 - val_acc: 0.7250
Epoch 11/50
 - 4s - loss: 0.4080 - acc: 0.9986 - val_loss: 0.6672 - val_acc: 0.7750
Epoch 12/50
 - 4s - loss: 0.3969 - acc: 1.0000 - val_loss: 0.5922 - val_acc: 0.7500
Epoch 13/50
 - 4s - loss: 0.3950 - acc: 0.9917 - val_loss: 0.5961 - val_acc: 0.7875
Epoch 14/50
 - 4s - loss: 0.3728 - acc: 1.0000 - val_loss: 0.5981 - val_acc: 0.7250
Epoch 15/50
 - 4s - loss: 0.3628 - acc: 0.9986 - val_loss: 0.5593 - val_acc: 0.8000
Epoch 16/50
 - 4s - loss: 0.3542 - acc: 1.0000 - val_loss: 0.5316 - val_acc: 0.8125
Epoch 17/50
 - 5s - loss: 0.3509 - acc: 1.0000 - val_loss: 0.5142 - val_acc: 0.8125
Epoch 18/50
 - 4s - loss: 0.3431 - acc: 1.0000 - val_loss: 0.5466 - val_acc: 0.8000
Epoch 19/50
 - 4s - loss: 0.3399 - acc: 1.0000 - val_loss: 0.5520 - val_acc: 0.7875
Epoch 20/50
 - 4s - loss: 0.3446 - acc: 1.0000 - val_loss: 0.5710 - val_acc: 0.7875
Epoch 21/50
 - 4s - loss: 0.3447 - acc: 0.9917 - val_loss: 0.5467 - val_acc: 0.8000
Epoch 22/50
 - 4s - loss: 0.3337 - acc: 0.9986 - val_loss: 0.5434 - val_acc: 0.7625
Epoch 23/50
 - 4s - loss: 0.3294 - acc: 1.0000 - val_loss: 0.5093 - val_acc: 0.8250
Epoch 24/50
 - 4s - loss: 0.3236 - acc: 1.0000 - val_loss: 0.5021 - val_acc: 0.8250
Epoch 25/50
 - 4s - loss: 0.3241 - acc: 1.0000 - val_loss: 0.4895 - val_acc: 0.8000
Epoch 26/50
 - 4s - loss: 0.3293 - acc: 0.9958 - val_loss: 0.5226 - val_acc: 0.8125
Epoch 27/50
 - 4s - loss: 0.3171 - acc: 1.0000 - val_loss: 0.5120 - val_acc: 0.7875
Epoch 28/50
 - 4s - loss: 0.3210 - acc: 1.0000 - val_loss: 0.5041 - val_acc: 0.8000
Epoch 29/50
 - 5s - loss: 0.3196 - acc: 1.0000 - val_loss: 0.5006 - val_acc: 0.8000
Epoch 30/50
 - 4s - loss: 0.3167 - acc: 1.0000 - val_loss: 0.4949 - val_acc: 0.8250
Epoch 31/50
 - 4s - loss: 0.3162 - acc: 1.0000 - val_loss: 0.4968 - val_acc: 0.7750
Epoch 32/50
 - 4s - loss: 0.3232 - acc: 1.0000 - val_loss: 0.4904 - val_acc: 0.8000
Epoch 33/50
 - 4s - loss: 0.3308 - acc: 0.9944 - val_loss: 0.4844 - val_acc: 0.8250
Epoch 34/50
 - 4s - loss: 0.3235 - acc: 0.9931 - val_loss: 0.5580 - val_acc: 0.7250
Epoch 35/50
 - 4s - loss: 0.3187 - acc: 1.0000 - val_loss: 0.5315 - val_acc: 0.7750
Epoch 36/50
 - 4s - loss: 0.3148 - acc: 0.9986 - val_loss: 0.5155 - val_acc: 0.7500
Epoch 37/50
 - 4s - loss: 0.3165 - acc: 0.9986 - val_loss: 0.5048 - val_acc: 0.7875
Epoch 38/50
 - 4s - loss: 0.3161 - acc: 1.0000 - val_loss: 0.5046 - val_acc: 0.7750
Epoch 39/50
 - 4s - loss: 0.3170 - acc: 1.0000 - val_loss: 0.5033 - val_acc: 0.7625
Epoch 40/50
 - 4s - loss: 0.3185 - acc: 1.0000 - val_loss: 0.5027 - val_acc: 0.8000
Epoch 41/50
 - 4s - loss: 0.3089 - acc: 1.0000 - val_loss: 0.4928 - val_acc: 0.8000
Epoch 42/50
 - 4s - loss: 0.3189 - acc: 1.0000 - val_loss: 0.4920 - val_acc: 0.8000
Epoch 43/50
 - 4s - loss: 0.3127 - acc: 1.0000 - val_loss: 0.4878 - val_acc: 0.8000
Epoch 44/50
 - 4s - loss: 0.3150 - acc: 0.9917 - val_loss: 0.5205 - val_acc: 0.7625
Epoch 45/50
 - 4s - loss: 0.3125 - acc: 1.0000 - val_loss: 0.4875 - val_acc: 0.8000
Epoch 46/50
 - 4s - loss: 0.3117 - acc: 1.0000 - val_loss: 0.4840 - val_acc: 0.8000
Epoch 47/50
 - 4s - loss: 0.3198 - acc: 1.0000 - val_loss: 0.4793 - val_acc: 0.8000
Epoch 48/50
 - 4s - loss: 0.3104 - acc: 1.0000 - val_loss: 0.4888 - val_acc: 0.7625
Epoch 49/50
 - 4s - loss: 0.3068 - acc: 1.0000 - val_loss: 0.4851 - val_acc: 0.7750
Epoch 50/50
 - 4s - loss: 0.3043 - acc: 1.0000 - val_loss: 0.4707 - val_acc: 0.7875

100/100 [==============================] - 0s 3ms/step
('TEST loss: ', 0.39092499017715454)
('TEST accuracy: ', 0.9200000166893005)


('Cross-validation: ', 8)
start transforming ...
applying RP
applying GASF
applying MTF
to RGB ...
start transforming ...
applying RP
applying GASF
applying MTF
to RGB ...
('normalized training set:', (720, 224, 224, 3))
('normalized validation set:', (80, 224, 224, 3))
('batch size: ', 16)
start training....
Train on 720 samples, validate on 80 samples
Epoch 1/50
 - 7s - loss: 2.2283 - acc: 0.8278 - val_loss: 1.5368 - val_acc: 0.8375
Epoch 2/50
 - 4s - loss: 1.2939 - acc: 0.9208 - val_loss: 1.1446 - val_acc: 0.7625
Epoch 3/50
 - 4s - loss: 0.9796 - acc: 0.9806 - val_loss: 1.0568 - val_acc: 0.8000
Epoch 4/50
 - 4s - loss: 0.8141 - acc: 0.9833 - val_loss: 0.8864 - val_acc: 0.8750
Epoch 5/50
 - 4s - loss: 0.6997 - acc: 0.9972 - val_loss: 0.8047 - val_acc: 0.8000
Epoch 6/50
 - 4s - loss: 0.6185 - acc: 0.9972 - val_loss: 0.7471 - val_acc: 0.8500
Epoch 7/50
 - 4s - loss: 0.5597 - acc: 0.9917 - val_loss: 0.6821 - val_acc: 0.8875
Epoch 8/50
 - 4s - loss: 0.5185 - acc: 0.9958 - val_loss: 0.6065 - val_acc: 0.9000
Epoch 9/50
 - 4s - loss: 0.4822 - acc: 0.9958 - val_loss: 0.5618 - val_acc: 0.9000
Epoch 10/50
 - 4s - loss: 0.4507 - acc: 0.9958 - val_loss: 0.6106 - val_acc: 0.8625
Epoch 11/50
 - 4s - loss: 0.4295 - acc: 0.9958 - val_loss: 0.5694 - val_acc: 0.9000
Epoch 12/50
 - 4s - loss: 0.4063 - acc: 1.0000 - val_loss: 0.4879 - val_acc: 0.8875
Epoch 13/50
 - 4s - loss: 0.3945 - acc: 0.9986 - val_loss: 0.5034 - val_acc: 0.8500
Epoch 14/50
 - 4s - loss: 0.3857 - acc: 0.9972 - val_loss: 0.4311 - val_acc: 0.9125
Epoch 15/50
 - 4s - loss: 0.3742 - acc: 0.9986 - val_loss: 0.4968 - val_acc: 0.8875
Epoch 16/50
 - 4s - loss: 0.3644 - acc: 1.0000 - val_loss: 0.4594 - val_acc: 0.8750
Epoch 17/50
 - 4s - loss: 0.3602 - acc: 0.9972 - val_loss: 0.4625 - val_acc: 0.9000
Epoch 18/50
 - 4s - loss: 0.3509 - acc: 1.0000 - val_loss: 0.4841 - val_acc: 0.9000
Epoch 19/50
 - 4s - loss: 0.3513 - acc: 1.0000 - val_loss: 0.4833 - val_acc: 0.9000
Epoch 20/50
 - 4s - loss: 0.3378 - acc: 1.0000 - val_loss: 0.4741 - val_acc: 0.9000
Epoch 21/50
 - 4s - loss: 0.3398 - acc: 1.0000 - val_loss: 0.4570 - val_acc: 0.9000
Epoch 22/50
 - 4s - loss: 0.3380 - acc: 1.0000 - val_loss: 0.4558 - val_acc: 0.9000
Epoch 23/50
 - 4s - loss: 0.3522 - acc: 0.9847 - val_loss: 0.5386 - val_acc: 0.9000
Epoch 24/50
 - 4s - loss: 0.3360 - acc: 0.9972 - val_loss: 0.4581 - val_acc: 0.8875
Epoch 25/50
 - 4s - loss: 0.3311 - acc: 0.9986 - val_loss: 0.4501 - val_acc: 0.9000
Epoch 26/50
 - 4s - loss: 0.3300 - acc: 1.0000 - val_loss: 0.4496 - val_acc: 0.9000
Epoch 27/50
 - 4s - loss: 0.3262 - acc: 1.0000 - val_loss: 0.4422 - val_acc: 0.9000
Epoch 28/50
 - 4s - loss: 0.3250 - acc: 0.9986 - val_loss: 0.4385 - val_acc: 0.9000
Epoch 29/50
 - 4s - loss: 0.3288 - acc: 0.9986 - val_loss: 0.4268 - val_acc: 0.9000
Epoch 30/50
 - 4s - loss: 0.3426 - acc: 0.9903 - val_loss: 0.4268 - val_acc: 0.9000
Epoch 31/50
 - 4s - loss: 0.3231 - acc: 1.0000 - val_loss: 0.4274 - val_acc: 0.9000
Epoch 32/50
 - 4s - loss: 0.3310 - acc: 1.0000 - val_loss: 0.4336 - val_acc: 0.9000
Epoch 33/50
 - 4s - loss: 0.3229 - acc: 1.0000 - val_loss: 0.4261 - val_acc: 0.9000
Epoch 34/50
 - 4s - loss: 0.3211 - acc: 1.0000 - val_loss: 0.4339 - val_acc: 0.9000
Epoch 35/50
 - 4s - loss: 0.3179 - acc: 1.0000 - val_loss: 0.4331 - val_acc: 0.9000
Epoch 36/50
 - 4s - loss: 0.3232 - acc: 1.0000 - val_loss: 0.4478 - val_acc: 0.9000
Epoch 37/50
 - 4s - loss: 0.3162 - acc: 1.0000 - val_loss: 0.4357 - val_acc: 0.9000
Epoch 38/50
 - 4s - loss: 0.3169 - acc: 1.0000 - val_loss: 0.4382 - val_acc: 0.9000
Epoch 39/50
 - 4s - loss: 0.3263 - acc: 1.0000 - val_loss: 0.4344 - val_acc: 0.9000
Epoch 40/50
 - 4s - loss: 0.3167 - acc: 0.9986 - val_loss: 0.4343 - val_acc: 0.9125
Epoch 41/50
 - 5s - loss: 0.3165 - acc: 1.0000 - val_loss: 0.4282 - val_acc: 0.9000
Epoch 42/50
 - 4s - loss: 0.3157 - acc: 1.0000 - val_loss: 0.4323 - val_acc: 0.9000
Epoch 43/50
 - 4s - loss: 0.3169 - acc: 1.0000 - val_loss: 0.4240 - val_acc: 0.9000
Epoch 44/50
 - 4s - loss: 0.3210 - acc: 1.0000 - val_loss: 0.4156 - val_acc: 0.9125
Epoch 45/50
 - 4s - loss: 0.3138 - acc: 1.0000 - val_loss: 0.4200 - val_acc: 0.9000
Epoch 46/50
 - 4s - loss: 0.3156 - acc: 1.0000 - val_loss: 0.4106 - val_acc: 0.9000
Epoch 47/50
 - 4s - loss: 0.3140 - acc: 1.0000 - val_loss: 0.4092 - val_acc: 0.9000
Epoch 48/50
 - 4s - loss: 0.3091 - acc: 1.0000 - val_loss: 0.4018 - val_acc: 0.9000
Epoch 49/50
 - 4s - loss: 0.3097 - acc: 1.0000 - val_loss: 0.4249 - val_acc: 0.9000
Epoch 50/50
 - 4s - loss: 0.3140 - acc: 1.0000 - val_loss: 0.4019 - val_acc: 0.9000

100/100 [==============================] - 0s 3ms/step
('TEST loss: ', 0.41282862424850464)
('TEST accuracy: ', 0.8899999856948853)


('Cross-validation: ', 9)
start transforming ...
applying RP
applying GASF
applying MTF
to RGB ...
start transforming ...
applying RP
applying GASF
applying MTF
to RGB ...
('normalized training set:', (720, 224, 224, 3))
('normalized validation set:', (80, 224, 224, 3))
('batch size: ', 16)
start training....
Train on 720 samples, validate on 80 samples
Epoch 1/50
 - 7s - loss: 2.2305 - acc: 0.8319 - val_loss: 1.6608 - val_acc: 0.8250
Epoch 2/50
 - 4s - loss: 1.3026 - acc: 0.9514 - val_loss: 1.1709 - val_acc: 0.8125
Epoch 3/50
 - 4s - loss: 0.9743 - acc: 0.9833 - val_loss: 0.9482 - val_acc: 0.7250
Epoch 4/50
 - 4s - loss: 0.7951 - acc: 0.9944 - val_loss: 0.8710 - val_acc: 0.8750
Epoch 5/50
 - 4s - loss: 0.6830 - acc: 0.9861 - val_loss: 1.0642 - val_acc: 0.4000
Epoch 6/50
 - 4s - loss: 0.5923 - acc: 0.9917 - val_loss: 0.6025 - val_acc: 0.8125
Epoch 7/50
 - 4s - loss: 0.5339 - acc: 0.9944 - val_loss: 0.7185 - val_acc: 0.8000
Epoch 8/50
 - 4s - loss: 0.4912 - acc: 0.9986 - val_loss: 0.8295 - val_acc: 0.4500
Epoch 9/50
 - 4s - loss: 0.4565 - acc: 0.9944 - val_loss: 0.8796 - val_acc: 0.3375
Epoch 10/50
 - 4s - loss: 0.4292 - acc: 0.9931 - val_loss: 0.7609 - val_acc: 0.5500
Epoch 11/50
 - 4s - loss: 0.4080 - acc: 1.0000 - val_loss: 0.5758 - val_acc: 0.8750
Epoch 12/50
 - 4s - loss: 0.3966 - acc: 0.9958 - val_loss: 0.6472 - val_acc: 0.6875
Epoch 13/50
 - 4s - loss: 0.3751 - acc: 1.0000 - val_loss: 0.6430 - val_acc: 0.7250
Epoch 14/50
 - 4s - loss: 0.3790 - acc: 0.9917 - val_loss: 0.6838 - val_acc: 0.6000
Epoch 15/50
 - 4s - loss: 0.3687 - acc: 0.9972 - val_loss: 0.5174 - val_acc: 0.8875
Epoch 16/50
 - 4s - loss: 0.3563 - acc: 0.9986 - val_loss: 0.5333 - val_acc: 0.8500
Epoch 17/50
 - 4s - loss: 0.3524 - acc: 0.9986 - val_loss: 0.5671 - val_acc: 0.8125
Epoch 18/50
 - 4s - loss: 0.3454 - acc: 0.9986 - val_loss: 0.5927 - val_acc: 0.7625
Epoch 19/50
 - 4s - loss: 0.3391 - acc: 1.0000 - val_loss: 0.5336 - val_acc: 0.8625
Epoch 20/50
 - 4s - loss: 0.3460 - acc: 0.9972 - val_loss: 0.5469 - val_acc: 0.8125
Epoch 21/50
 - 4s - loss: 0.3415 - acc: 0.9986 - val_loss: 0.5533 - val_acc: 0.8250
Epoch 22/50
 - 4s - loss: 0.3293 - acc: 1.0000 - val_loss: 0.4921 - val_acc: 0.8500
Epoch 23/50
 - 4s - loss: 0.3263 - acc: 1.0000 - val_loss: 0.5149 - val_acc: 0.8625
Epoch 24/50
 - 4s - loss: 0.3278 - acc: 0.9986 - val_loss: 0.5571 - val_acc: 0.8375
Epoch 25/50
 - 4s - loss: 0.3192 - acc: 1.0000 - val_loss: 0.5011 - val_acc: 0.8250
Epoch 26/50
 - 4s - loss: 0.3274 - acc: 1.0000 - val_loss: 0.5180 - val_acc: 0.8500
Epoch 27/50
 - 4s - loss: 0.3244 - acc: 1.0000 - val_loss: 0.5113 - val_acc: 0.8250
Epoch 28/50
 - 4s - loss: 0.3184 - acc: 1.0000 - val_loss: 0.5030 - val_acc: 0.8375
Epoch 29/50
 - 4s - loss: 0.3228 - acc: 1.0000 - val_loss: 0.5047 - val_acc: 0.8500
Epoch 30/50
 - 4s - loss: 0.3225 - acc: 1.0000 - val_loss: 0.5024 - val_acc: 0.8625
Epoch 31/50
 - 4s - loss: 0.3305 - acc: 0.9903 - val_loss: 0.5669 - val_acc: 0.8000
Epoch 32/50
 - 4s - loss: 0.3196 - acc: 0.9972 - val_loss: 0.5042 - val_acc: 0.8750
Epoch 33/50
 - 4s - loss: 0.3189 - acc: 1.0000 - val_loss: 0.4893 - val_acc: 0.8625
Epoch 34/50
 - 4s - loss: 0.3161 - acc: 0.9986 - val_loss: 0.4822 - val_acc: 0.8750
Epoch 35/50
 - 4s - loss: 0.3177 - acc: 1.0000 - val_loss: 0.4875 - val_acc: 0.8750
Epoch 36/50
 - 4s - loss: 0.3211 - acc: 1.0000 - val_loss: 0.4922 - val_acc: 0.8625
Epoch 37/50
 - 4s - loss: 0.3135 - acc: 1.0000 - val_loss: 0.4901 - val_acc: 0.8750
Epoch 38/50
 - 4s - loss: 0.3170 - acc: 1.0000 - val_loss: 0.4924 - val_acc: 0.8750
Epoch 39/50
 - 4s - loss: 0.3161 - acc: 1.0000 - val_loss: 0.4888 - val_acc: 0.8750
Epoch 40/50
 - 4s - loss: 0.3186 - acc: 1.0000 - val_loss: 0.4938 - val_acc: 0.8750
Epoch 41/50
 - 4s - loss: 0.3174 - acc: 1.0000 - val_loss: 0.4881 - val_acc: 0.8750
Epoch 42/50
 - 4s - loss: 0.3132 - acc: 1.0000 - val_loss: 0.4893 - val_acc: 0.8875
Epoch 43/50
 - 4s - loss: 0.3125 - acc: 1.0000 - val_loss: 0.4878 - val_acc: 0.8750
Epoch 44/50
 - 4s - loss: 0.3101 - acc: 1.0000 - val_loss: 0.4807 - val_acc: 0.8750
Epoch 45/50
 - 4s - loss: 0.3166 - acc: 1.0000 - val_loss: 0.4860 - val_acc: 0.8750
Epoch 46/50
 - 4s - loss: 0.3138 - acc: 1.0000 - val_loss: 0.4880 - val_acc: 0.8750
Epoch 47/50
 - 4s - loss: 0.3106 - acc: 1.0000 - val_loss: 0.4819 - val_acc: 0.8750
Epoch 48/50
 - 4s - loss: 0.3159 - acc: 1.0000 - val_loss: 0.4833 - val_acc: 0.8750
Epoch 49/50
 - 4s - loss: 0.3104 - acc: 1.0000 - val_loss: 0.4908 - val_acc: 0.8750
Epoch 50/50
 - 4s - loss: 0.3170 - acc: 1.0000 - val_loss: 0.4910 - val_acc: 0.8500

100/100 [==============================] - 0s 3ms/step
('TEST loss: ', 0.4335165321826935)
('TEST accuracy: ', 0.8899999856948853)


('Cross-validation: ', 10)
start transforming ...
applying RP
applying GASF
applying MTF
to RGB ...
start transforming ...
applying RP
applying GASF
applying MTF
to RGB ...
('normalized training set:', (728, 224, 224, 3))
('normalized validation set:', (72, 224, 224, 3))
('batch size: ', 16)
start training....
Train on 728 samples, validate on 72 samples
Epoch 1/50
 - 7s - loss: 2.2473 - acc: 0.8530 - val_loss: 2.2736 - val_acc: 0.3750
Epoch 2/50
 - 4s - loss: 1.3310 - acc: 0.9368 - val_loss: 1.4118 - val_acc: 0.4444
Epoch 3/50
 - 4s - loss: 0.9924 - acc: 0.9794 - val_loss: 1.0404 - val_acc: 0.8333
Epoch 4/50
 - 4s - loss: 0.8066 - acc: 0.9904 - val_loss: 0.9190 - val_acc: 0.8056
Epoch 5/50
 - 4s - loss: 0.6871 - acc: 0.9890 - val_loss: 0.8015 - val_acc: 0.8611
Epoch 6/50
 - 4s - loss: 0.6014 - acc: 0.9945 - val_loss: 0.7453 - val_acc: 0.7917
Epoch 7/50
 - 4s - loss: 0.5330 - acc: 0.9973 - val_loss: 0.6968 - val_acc: 0.8056
Epoch 8/50
 - 4s - loss: 0.4890 - acc: 0.9973 - val_loss: 0.6880 - val_acc: 0.8472
Epoch 9/50
 - 4s - loss: 0.4625 - acc: 0.9931 - val_loss: 0.6274 - val_acc: 0.8333
Epoch 10/50
 - 4s - loss: 0.4297 - acc: 0.9973 - val_loss: 0.6055 - val_acc: 0.8611
Epoch 11/50
 - 4s - loss: 0.4137 - acc: 0.9959 - val_loss: 0.6380 - val_acc: 0.7778
Epoch 12/50
 - 4s - loss: 0.4007 - acc: 0.9959 - val_loss: 0.5990 - val_acc: 0.8333
Epoch 13/50
 - 4s - loss: 0.3830 - acc: 0.9986 - val_loss: 0.5931 - val_acc: 0.8611
Epoch 14/50
 - 4s - loss: 0.3702 - acc: 1.0000 - val_loss: 0.5777 - val_acc: 0.8472
Epoch 15/50
 - 4s - loss: 0.3710 - acc: 0.9986 - val_loss: 0.5954 - val_acc: 0.8194
Epoch 16/50
 - 4s - loss: 0.3609 - acc: 0.9986 - val_loss: 0.5739 - val_acc: 0.8472
Epoch 17/50
 - 5s - loss: 0.3455 - acc: 1.0000 - val_loss: 0.5764 - val_acc: 0.8056
Epoch 18/50
 - 4s - loss: 0.3519 - acc: 1.0000 - val_loss: 0.5757 - val_acc: 0.7917
Epoch 19/50
 - 4s - loss: 0.3403 - acc: 1.0000 - val_loss: 0.5651 - val_acc: 0.8333
Epoch 20/50
 - 4s - loss: 0.3354 - acc: 1.0000 - val_loss: 0.5657 - val_acc: 0.8472
Epoch 21/50
 - 4s - loss: 0.3364 - acc: 1.0000 - val_loss: 0.6263 - val_acc: 0.6111
Epoch 22/50
 - 4s - loss: 0.3295 - acc: 1.0000 - val_loss: 0.5787 - val_acc: 0.8194
Epoch 23/50
 - 4s - loss: 0.3346 - acc: 0.9986 - val_loss: 0.5867 - val_acc: 0.7361
Epoch 24/50
 - 4s - loss: 0.3221 - acc: 1.0000 - val_loss: 0.5615 - val_acc: 0.8333
Epoch 25/50
 - 4s - loss: 0.3237 - acc: 1.0000 - val_loss: 0.5717 - val_acc: 0.8472
Epoch 26/50
 - 4s - loss: 0.3253 - acc: 0.9973 - val_loss: 0.5596 - val_acc: 0.8472
Epoch 27/50
 - 4s - loss: 0.3209 - acc: 1.0000 - val_loss: 0.5622 - val_acc: 0.8472
Epoch 28/50
 - 4s - loss: 0.3321 - acc: 0.9918 - val_loss: 0.5561 - val_acc: 0.8472
Epoch 29/50
 - 4s - loss: 0.3170 - acc: 1.0000 - val_loss: 0.5802 - val_acc: 0.7500
Epoch 30/50
 - 4s - loss: 0.3221 - acc: 1.0000 - val_loss: 0.5612 - val_acc: 0.7917
Epoch 31/50
 - 4s - loss: 0.3354 - acc: 0.9904 - val_loss: 0.5446 - val_acc: 0.8472
Epoch 32/50
 - 4s - loss: 0.3219 - acc: 1.0000 - val_loss: 0.5422 - val_acc: 0.8194
Epoch 33/50
 - 4s - loss: 0.3196 - acc: 1.0000 - val_loss: 0.5536 - val_acc: 0.8194
Epoch 34/50
 - 4s - loss: 0.3117 - acc: 1.0000 - val_loss: 0.5621 - val_acc: 0.7917
Epoch 35/50
 - 4s - loss: 0.3148 - acc: 1.0000 - val_loss: 0.5695 - val_acc: 0.7500
Epoch 36/50
 - 4s - loss: 0.3134 - acc: 1.0000 - val_loss: 0.5682 - val_acc: 0.7500
Epoch 37/50
 - 4s - loss: 0.3227 - acc: 0.9945 - val_loss: 0.5527 - val_acc: 0.8194
Epoch 38/50
 - 4s - loss: 0.3182 - acc: 0.9986 - val_loss: 0.5621 - val_acc: 0.7917
Epoch 39/50
 - 4s - loss: 0.3180 - acc: 1.0000 - val_loss: 0.5652 - val_acc: 0.7917
Epoch 40/50
 - 4s - loss: 0.3149 - acc: 1.0000 - val_loss: 0.5573 - val_acc: 0.8194
Epoch 41/50
 - 4s - loss: 0.3145 - acc: 1.0000 - val_loss: 0.5474 - val_acc: 0.8194
Epoch 42/50
 - 4s - loss: 0.3329 - acc: 0.9794 - val_loss: 0.5590 - val_acc: 0.8194
Epoch 43/50
 - 4s - loss: 0.3170 - acc: 1.0000 - val_loss: 0.5536 - val_acc: 0.8194
Epoch 44/50
 - 4s - loss: 0.3183 - acc: 0.9973 - val_loss: 0.5449 - val_acc: 0.8333
Epoch 45/50
 - 4s - loss: 0.3207 - acc: 1.0000 - val_loss: 0.5398 - val_acc: 0.8472
Epoch 46/50
 - 4s - loss: 0.3116 - acc: 1.0000 - val_loss: 0.5382 - val_acc: 0.8333
Epoch 47/50
 - 4s - loss: 0.3261 - acc: 0.9835 - val_loss: 0.5575 - val_acc: 0.8056
Epoch 48/50
 - 4s - loss: 0.3234 - acc: 0.9918 - val_loss: 0.5563 - val_acc: 0.7917
Epoch 49/50
 - 4s - loss: 0.3192 - acc: 1.0000 - val_loss: 0.5582 - val_acc: 0.7361
Epoch 50/50
 - 4s - loss: 0.3144 - acc: 1.0000 - val_loss: 0.5496 - val_acc: 0.7778

100/100 [==============================] - 0s 3ms/step
('TEST loss: ', 0.42498210072517395)
('TEST accuracy: ', 0.8999999761581421)
This takes 2315.58000398 seconds.
